TN:
SF:/home/andrews/naivecoin/lib/blockchain/block.js
FN:28,(anonymous_0)
FN:33,(anonymous_1)
FN:38,(anonymous_2)
FN:61,(anonymous_3)
FN:63,(anonymous_4)
FNF:5
FNH:5
FNDA:31,(anonymous_0)
FNDA:14,(anonymous_1)
FNDA:3,(anonymous_2)
FNDA:17,(anonymous_3)
FNDA:97,(anonymous_4)
DA:1,3
DA:2,3
DA:3,3
DA:4,3
DA:30,31
DA:35,14
DA:40,3
DA:58,3
DA:62,17
DA:63,17
DA:64,97
DA:65,17
DA:67,80
DA:71,17
DA:72,17
DA:77,3
LF:16
LH:16
BRDA:64,0,0,17
BRDA:64,0,1,80
BRDA:64,1,0,97
BRDA:64,1,1,17
BRF:4
BRH:4
end_of_record
TN:
SF:/home/andrews/naivecoin/lib/blockchain/blockAssertionError.js
FNF:0
FNH:0
DA:1,1
DA:5,1
LF:2
LH:2
BRF:0
BRH:0
end_of_record
TN:
SF:/home/andrews/naivecoin/lib/blockchain/blockchainAssertionError.js
FNF:0
FNH:0
DA:1,1
DA:5,1
LF:2
LH:2
BRF:0
BRH:0
end_of_record
TN:
SF:/home/andrews/naivecoin/lib/blockchain/blocks.js
FN:5,(anonymous_0)
FN:7,(anonymous_1)
FNF:2
FNH:2
FNDA:1,(anonymous_0)
FNDA:3,(anonymous_1)
DA:1,1
DA:2,1
DA:6,1
DA:7,3
DA:8,1
DA:12,1
LF:6
LH:6
BRF:0
BRH:0
end_of_record
TN:
SF:/home/andrews/naivecoin/lib/blockchain/index.js
FN:25,(anonymous_0)
FN:38,(anonymous_1)
FN:51,(anonymous_2)
FN:55,(anonymous_3)
FN:59,(anonymous_4)
FN:63,(anonymous_5)
FN:67,(anonymous_6)
FN:81,(anonymous_7)
FN:85,(anonymous_8)
FN:89,(anonymous_9)
FN:93,(anonymous_10)
FN:108,(anonymous_11)
FN:115,(anonymous_12)
FN:134,(anonymous_13)
FN:151,(anonymous_14)
FN:165,(anonymous_15)
FN:166,(anonymous_16)
FN:170,(anonymous_17)
FN:216,(anonymous_18)
FN:221,(anonymous_19)
FN:231,(anonymous_20)
FN:250,(anonymous_21)
FN:253,(anonymous_22)
FN:254,(anonymous_23)
FN:269,(anonymous_24)
FN:283,(anonymous_25)
FN:284,(anonymous_26)
FNF:27
FNH:25
FNDA:2,(anonymous_0)
FNDA:2,(anonymous_1)
FNDA:2,(anonymous_2)
FNDA:0,(anonymous_3)
FNDA:0,(anonymous_4)
FNDA:12,(anonymous_5)
FNDA:8,(anonymous_6)
FNDA:3,(anonymous_7)
FNDA:2,(anonymous_8)
FNDA:5,(anonymous_9)
FNDA:1,(anonymous_10)
FNDA:2,(anonymous_11)
FNDA:1,(anonymous_12)
FNDA:4,(anonymous_13)
FNDA:3,(anonymous_14)
FNDA:6,(anonymous_15)
FNDA:1,(anonymous_16)
FNDA:6,(anonymous_17)
FNDA:15,(anonymous_18)
FNDA:26,(anonymous_19)
FNDA:10,(anonymous_20)
FNDA:5,(anonymous_21)
FNDA:22,(anonymous_22)
FNDA:21,(anonymous_23)
FNDA:4,(anonymous_24)
FNDA:14,(anonymous_25)
FNDA:12,(anonymous_26)
DA:1,1
DA:2,1
DA:3,1
DA:4,1
DA:5,1
DA:6,1
DA:7,1
DA:8,1
DA:9,1
DA:12,1
DA:13,1
DA:16,1
DA:17,1
DA:18,1
DA:22,1
DA:26,2
DA:27,2
DA:30,2
DA:31,2
DA:34,2
DA:35,2
DA:40,2
DA:41,2
DA:42,2
DA:43,2
DA:47,2
DA:48,2
DA:52,2
DA:56,0
DA:60,0
DA:64,12
DA:72,8
DA:82,3
DA:86,2
DA:90,5
DA:95,1
DA:96,0
DA:97,0
DA:101,1
DA:104,1
DA:105,1
DA:108,1
DA:109,2
DA:112,1
DA:117,1
DA:118,0
DA:119,0
DA:123,1
DA:124,1
DA:125,2
DA:128,0
DA:129,0
DA:131,1
DA:136,4
DA:137,4
DA:138,4
DA:141,4
DA:143,4
DA:144,4
DA:145,4
DA:147,4
DA:153,3
DA:154,3
DA:155,3
DA:157,3
DA:158,3
DA:159,3
DA:161,3
DA:166,6
DA:167,6
DA:171,6
DA:173,6
DA:174,0
DA:175,0
DA:176,6
DA:177,0
DA:178,0
DA:179,6
DA:180,0
DA:181,0
DA:182,6
DA:183,0
DA:184,0
DA:188,6
DA:191,6
DA:192,6
DA:194,6
DA:196,6
DA:197,0
DA:198,0
DA:202,6
DA:203,6
DA:204,0
DA:205,0
DA:208,6
DA:209,0
DA:210,0
DA:213,6
DA:218,15
DA:221,15
DA:222,26
DA:225,15
DA:226,0
DA:227,0
DA:231,15
DA:232,10
DA:242,15
DA:243,0
DA:244,0
DA:247,15
DA:252,5
DA:253,5
DA:254,22
DA:255,21
DA:257,14
DA:267,5
DA:268,5
DA:270,4
DA:272,3
DA:282,5
DA:283,5
DA:284,14
DA:285,11
DA:289,5
DA:293,1
LF:125
LH:99
BRDA:40,0,0,2
BRDA:40,0,1,0
BRDA:75,1,0,8
BRDA:75,1,1,2
BRDA:95,2,0,0
BRDA:95,2,1,1
BRDA:117,3,0,0
BRDA:117,3,1,1
BRDA:134,4,0,2
BRDA:136,5,0,4
BRDA:136,5,1,0
BRDA:145,6,0,2
BRDA:145,6,1,2
BRDA:151,7,0,3
BRDA:153,8,0,3
BRDA:153,8,1,0
BRDA:159,9,0,3
BRDA:159,9,1,0
BRDA:173,10,0,0
BRDA:173,10,1,6
BRDA:176,11,0,0
BRDA:176,11,1,6
BRDA:179,12,0,0
BRDA:179,12,1,6
BRDA:182,13,0,0
BRDA:182,13,1,6
BRDA:196,14,0,0
BRDA:196,14,1,6
BRDA:203,15,0,0
BRDA:203,15,1,6
BRDA:203,16,0,6
BRDA:203,16,1,3
BRDA:208,17,0,0
BRDA:208,17,1,6
BRDA:208,18,0,6
BRDA:208,18,1,6
BRDA:225,19,0,0
BRDA:225,19,1,15
BRDA:242,20,0,0
BRDA:242,20,1,15
BRDA:255,21,0,7
BRDA:255,21,1,14
BRDA:255,22,0,21
BRDA:255,22,1,21
BRDA:270,23,0,1
BRDA:270,23,1,3
BRDA:270,24,0,4
BRDA:270,24,1,4
BRDA:284,25,0,11
BRDA:284,25,1,3
BRDA:284,26,0,12
BRDA:284,26,1,3
BRF:52
BRH:37
end_of_record
TN:
SF:/home/andrews/naivecoin/lib/blockchain/transaction.js
FN:39,(anonymous_0)
FN:49,(anonymous_1)
FN:54,(anonymous_2)
FN:64,(anonymous_3)
FN:102,(anonymous_4)
FN:104,(anonymous_5)
FNF:6
FNH:5
FNDA:0,(anonymous_0)
FNDA:62,(anonymous_1)
FNDA:17,(anonymous_2)
FNDA:14,(anonymous_3)
FNDA:45,(anonymous_4)
FNDA:180,(anonymous_5)
DA:1,3
DA:2,3
DA:3,3
DA:4,3
DA:6,3
DA:40,0
DA:41,0
DA:42,0
DA:43,0
DA:51,62
DA:56,17
DA:58,17
DA:59,0
DA:60,0
DA:64,17
DA:65,14
DA:70,14
DA:72,14
DA:73,0
DA:74,0
DA:79,17
DA:81,8
DA:82,8
DA:84,8
DA:86,8
DA:87,0
DA:88,0
DA:91,8
DA:93,8
DA:94,0
DA:95,0
DA:99,17
DA:103,45
DA:104,180
DA:105,45
DA:106,45
DA:110,3
LF:37
LH:25
BRDA:58,0,0,0
BRDA:58,0,1,17
BRDA:72,1,0,0
BRDA:72,1,1,14
BRDA:79,2,0,8
BRDA:79,2,1,9
BRDA:86,3,0,0
BRDA:86,3,1,8
BRDA:93,4,0,0
BRDA:93,4,1,8
BRF:10
BRH:6
end_of_record
TN:
SF:/home/andrews/naivecoin/lib/blockchain/transactionAssertionError.js
FNF:0
FNH:0
DA:1,3
DA:5,3
LF:2
LH:2
BRF:0
BRH:0
end_of_record
TN:
SF:/home/andrews/naivecoin/lib/blockchain/transactions.js
FN:5,(anonymous_0)
FN:7,(anonymous_1)
FNF:2
FNH:2
FNDA:19,(anonymous_0)
FNDA:31,(anonymous_1)
DA:1,3
DA:2,3
DA:6,19
DA:7,31
DA:8,19
DA:12,3
LF:6
LH:6
BRF:0
BRH:0
end_of_record
TN:
SF:/home/andrews/naivecoin/lib/httpServer/httpError.js
FN:5,(anonymous_0)
FN:11,(anonymous_1)
FNF:2
FNH:1
FNDA:2,(anonymous_0)
FNDA:0,(anonymous_1)
DA:1,1
DA:2,1
DA:6,2
DA:7,2
DA:8,2
DA:12,0
DA:13,0
DA:17,1
LF:8
LH:6
BRDA:6,0,0,0
BRDA:6,0,1,2
BRDA:8,1,0,2
BRDA:8,1,1,0
BRF:4
BRH:2
end_of_record
TN:
SF:/home/andrews/naivecoin/lib/httpServer/index.js
FN:15,(anonymous_0)
FN:18,(anonymous_1)
FN:21,(anonymous_2)
FN:31,(anonymous_3)
FN:35,(anonymous_4)
FN:42,(anonymous_5)
FN:51,(anonymous_6)
FN:58,(anonymous_7)
FN:65,(anonymous_8)
FN:72,(anonymous_9)
FN:76,(anonymous_10)
FN:91,(anonymous_11)
FN:95,(anonymous_12)
FN:103,(anonymous_13)
FN:114,(anonymous_14)
FN:123,(anonymous_15)
FN:145,(anonymous_16)
FN:156,(anonymous_17)
FN:174,(anonymous_18)
FN:187,(anonymous_19)
FN:191,(anonymous_20)
FN:196,(anonymous_21)
FN:198,(anonymous_22)
FN:203,(anonymous_23)
FN:205,(anonymous_24)
FN:210,(anonymous_25)
FN:216,(anonymous_26)
FN:223,(anonymous_27)
FN:224,(anonymous_28)
FN:225,(anonymous_29)
FNF:30
FNH:22
FNDA:2,(anonymous_0)
FNDA:1,(anonymous_1)
FNDA:0,(anonymous_2)
FNDA:2,(anonymous_3)
FNDA:2,(anonymous_4)
FNDA:1,(anonymous_5)
FNDA:0,(anonymous_6)
FNDA:0,(anonymous_7)
FNDA:2,(anonymous_8)
FNDA:3,(anonymous_9)
FNDA:2,(anonymous_10)
FNDA:1,(anonymous_11)
FNDA:0,(anonymous_12)
FNDA:1,(anonymous_13)
FNDA:0,(anonymous_14)
FNDA:2,(anonymous_15)
FNDA:0,(anonymous_16)
FNDA:2,(anonymous_17)
FNDA:2,(anonymous_18)
FNDA:0,(anonymous_19)
FNDA:4,(anonymous_20)
FNDA:3,(anonymous_21)
FNDA:3,(anonymous_22)
FNDA:2,(anonymous_23)
FNDA:2,(anonymous_24)
FNDA:0,(anonymous_25)
FNDA:2,(anonymous_26)
FNDA:2,(anonymous_27)
FNDA:2,(anonymous_28)
FNDA:2,(anonymous_29)
DA:1,1
DA:2,1
DA:3,1
DA:4,1
DA:5,1
DA:6,1
DA:7,1
DA:8,1
DA:9,1
DA:10,1
DA:11,1
DA:12,1
DA:16,2
DA:18,2
DA:19,1
DA:22,0
DA:27,2
DA:29,2
DA:31,2
DA:32,2
DA:35,2
DA:36,2
DA:37,2
DA:39,2
DA:42,2
DA:43,1
DA:44,1
DA:46,1
DA:47,1
DA:48,1
DA:51,2
DA:52,0
DA:53,0
DA:55,0
DA:58,2
DA:59,0
DA:60,0
DA:62,0
DA:65,2
DA:66,2
DA:67,2
DA:69,2
DA:72,2
DA:73,3
DA:76,2
DA:77,2
DA:78,2
DA:80,2
DA:82,1
DA:83,1
DA:84,1
DA:86,0
DA:87,0
DA:91,2
DA:92,1
DA:95,2
DA:96,0
DA:98,0
DA:100,0
DA:103,2
DA:104,1
DA:107,1
DA:109,1
DA:111,1
DA:114,2
DA:115,0
DA:116,0
DA:118,0
DA:120,0
DA:123,2
DA:124,2
DA:125,2
DA:127,2
DA:128,2
DA:130,2
DA:131,2
DA:133,2
DA:135,2
DA:137,2
DA:138,2
DA:140,0
DA:141,0
DA:145,2
DA:146,0
DA:147,0
DA:148,0
DA:149,0
DA:151,0
DA:152,0
DA:156,2
DA:157,2
DA:158,2
DA:160,2
DA:161,2
DA:163,2
DA:164,2
DA:166,2
DA:167,2
DA:169,0
DA:170,0
DA:174,2
DA:175,2
DA:176,2
DA:178,2
DA:179,2
DA:180,2
DA:182,0
DA:183,0
DA:187,2
DA:188,0
DA:191,2
DA:192,4
DA:193,4
DA:196,2
DA:197,3
DA:199,3
DA:203,2
DA:204,2
DA:206,2
DA:207,2
DA:208,2
DA:211,0
DA:212,0
DA:216,2
DA:217,2
DA:218,0
DA:219,2
DA:224,2
DA:225,2
DA:226,2
DA:227,2
DA:228,2
DA:234,1
LF:133
LH:101
BRDA:37,0,0,0
BRDA:37,0,1,2
BRDA:46,1,0,0
BRDA:46,1,1,1
BRDA:47,2,0,0
BRDA:47,2,1,1
BRDA:53,3,0,0
BRDA:53,3,1,0
BRDA:60,4,0,0
BRDA:60,4,1,0
BRDA:67,5,0,0
BRDA:67,5,1,2
BRDA:80,6,0,1
BRDA:80,6,1,1
BRDA:86,7,0,0
BRDA:86,7,1,0
BRDA:116,8,0,0
BRDA:116,8,1,0
BRDA:127,9,0,0
BRDA:127,9,1,2
BRDA:131,10,0,0
BRDA:131,10,1,2
BRDA:140,11,0,0
BRDA:140,11,1,0
BRDA:140,12,0,0
BRDA:140,12,1,0
BRDA:151,13,0,0
BRDA:151,13,1,0
BRDA:160,14,0,0
BRDA:160,14,1,2
BRDA:164,15,0,0
BRDA:164,15,1,2
BRDA:169,16,0,0
BRDA:169,16,1,0
BRDA:182,17,0,0
BRDA:182,17,1,0
BRDA:211,18,0,0
BRDA:211,18,1,0
BRDA:211,19,0,0
BRDA:211,19,1,0
BRDA:217,20,0,2
BRDA:217,20,1,0
BRDA:219,21,0,0
BRDA:219,21,1,2
BRDA:226,22,0,0
BRDA:226,22,1,2
BRF:46
BRH:13
end_of_record
TN:
SF:/home/andrews/naivecoin/lib/miner/index.js
FN:11,(anonymous_0)
FN:16,(anonymous_1)
FN:18,(anonymous_2)
FN:37,(anonymous_3)
FN:95,(anonymous_4)
FNF:5
FNH:4
FNDA:2,(anonymous_0)
FNDA:2,(anonymous_1)
FNDA:0,(anonymous_2)
FNDA:2,(anonymous_3)
FNDA:2,(anonymous_4)
DA:1,3
DA:2,3
DA:3,3
DA:4,3
DA:5,3
DA:7,3
DA:8,3
DA:12,2
DA:13,2
DA:17,2
DA:18,2
DA:31,2
DA:32,2
DA:38,2
DA:39,2
DA:40,2
DA:43,2
DA:47,2
DA:48,1
DA:63,1
DA:67,2
DA:68,2
DA:83,2
DA:86,2
DA:96,2
DA:97,2
DA:98,2
DA:103,2
DA:104,8
DA:105,8
DA:106,8
DA:107,8
DA:109,2
DA:110,2
DA:114,3
LF:35
LH:35
BRDA:47,0,0,1
BRDA:47,0,1,1
BRDA:67,1,0,2
BRDA:67,1,1,0
BRF:4
BRH:3
end_of_record
TN:
SF:/home/andrews/naivecoin/lib/node/index.js
FN:8,(anonymous_0)
FN:17,(anonymous_1)
FN:19,(anonymous_2)
FN:23,(anonymous_3)
FN:27,(anonymous_4)
FN:32,(anonymous_5)
FN:37,(anonymous_6)
FN:40,(anonymous_7)
FN:42,(anonymous_8)
FN:55,(anonymous_9)
FN:61,(anonymous_10)
FN:67,(anonymous_11)
FN:72,(anonymous_12)
FN:78,(anonymous_13)
FN:82,(anonymous_14)
FN:87,(anonymous_15)
FN:93,(anonymous_16)
FN:98,(anonymous_17)
FN:104,(anonymous_18)
FN:108,(anonymous_19)
FN:113,(anonymous_20)
FN:119,(anonymous_21)
FN:124,(anonymous_22)
FN:130,(anonymous_23)
FN:133,(anonymous_24)
FN:138,(anonymous_25)
FN:144,(anonymous_26)
FN:147,(anonymous_27)
FN:152,(anonymous_28)
FN:155,(anonymous_29)
FN:158,(anonymous_30)
FN:163,(anonymous_31)
FN:166,(anonymous_32)
FN:171,(anonymous_33)
FN:173,(anonymous_34)
FN:183,(anonymous_35)
FN:187,(anonymous_36)
FN:188,(anonymous_37)
FNF:38
FNH:32
FNDA:2,(anonymous_0)
FNDA:2,(anonymous_1)
FNDA:2,(anonymous_2)
FNDA:3,(anonymous_3)
FNDA:1,(anonymous_4)
FNDA:4,(anonymous_5)
FNDA:6,(anonymous_6)
FNDA:5,(anonymous_7)
FNDA:3,(anonymous_8)
FNDA:2,(anonymous_9)
FNDA:4,(anonymous_10)
FNDA:0,(anonymous_11)
FNDA:2,(anonymous_12)
FNDA:2,(anonymous_13)
FNDA:0,(anonymous_14)
FNDA:1,(anonymous_15)
FNDA:1,(anonymous_16)
FNDA:1,(anonymous_17)
FNDA:1,(anonymous_18)
FNDA:0,(anonymous_19)
FNDA:2,(anonymous_20)
FNDA:1,(anonymous_21)
FNDA:2,(anonymous_22)
FNDA:2,(anonymous_23)
FNDA:0,(anonymous_24)
FNDA:2,(anonymous_25)
FNDA:2,(anonymous_26)
FNDA:0,(anonymous_27)
FNDA:3,(anonymous_28)
FNDA:2,(anonymous_29)
FNDA:3,(anonymous_30)
FNDA:9,(anonymous_31)
FNDA:6,(anonymous_32)
FNDA:2,(anonymous_33)
FNDA:0,(anonymous_34)
FNDA:3,(anonymous_35)
FNDA:4,(anonymous_36)
FNDA:2,(anonymous_37)
DA:1,1
DA:2,1
DA:3,1
DA:4,1
DA:5,1
DA:9,2
DA:10,2
DA:11,2
DA:12,2
DA:13,2
DA:14,2
DA:19,2
DA:20,2
DA:23,2
DA:24,3
DA:27,2
DA:28,1
DA:33,4
DA:34,4
DA:39,6
DA:40,6
DA:42,5
DA:43,2
DA:44,2
DA:45,2
DA:46,2
DA:47,2
DA:49,3
DA:57,2
DA:58,2
DA:62,4
DA:63,4
DA:64,4
DA:68,0
DA:73,2
DA:74,2
DA:75,2
DA:76,2
DA:80,2
DA:83,0
DA:88,1
DA:89,1
DA:90,1
DA:94,1
DA:99,1
DA:100,1
DA:101,1
DA:102,1
DA:106,1
DA:109,0
DA:114,2
DA:115,2
DA:116,2
DA:120,1
DA:125,2
DA:126,2
DA:127,2
DA:128,2
DA:131,2
DA:134,0
DA:140,2
DA:141,2
DA:142,2
DA:145,2
DA:148,0
DA:154,3
DA:155,3
DA:156,2
DA:159,3
DA:165,9
DA:166,9
DA:167,6
DA:173,2
DA:174,0
DA:176,0
DA:177,0
DA:178,0
DA:184,3
DA:188,4
DA:189,4
DA:190,4
DA:193,4
DA:194,2
DA:195,2
DA:198,2
DA:199,2
DA:200,0
DA:201,0
DA:202,0
DA:203,2
DA:204,1
DA:205,1
DA:206,1
DA:208,1
DA:209,1
DA:210,1
DA:215,1
LF:97
LH:85
BRDA:42,0,0,2
BRDA:42,0,1,3
BRDA:42,1,0,5
BRDA:42,1,1,4
BRDA:154,2,0,3
BRDA:154,2,1,0
BRDA:176,3,0,0
BRDA:176,3,1,0
BRDA:193,4,0,2
BRDA:193,4,1,2
BRDA:199,5,0,0
BRDA:199,5,1,2
BRDA:203,6,0,1
BRDA:203,6,1,1
BRF:14
BRH:10
end_of_record
TN:
SF:/home/andrews/naivecoin/lib/operator/index.js
FN:12,(anonymous_0)
FN:20,(anonymous_1)
FN:26,(anonymous_2)
FN:31,(anonymous_3)
FN:36,(anonymous_4)
FN:43,(anonymous_5)
FN:47,(anonymous_6)
FN:48,(anonymous_7)
FN:51,(anonymous_8)
FN:60,(anonymous_9)
FN:68,(anonymous_10)
FN:78,(anonymous_11)
FN:84,(anonymous_12)
FNF:13
FNH:10
FNDA:2,(anonymous_0)
FNDA:1,(anonymous_1)
FNDA:1,(anonymous_2)
FNDA:0,(anonymous_3)
FNDA:4,(anonymous_4)
FNDA:0,(anonymous_5)
FNDA:10,(anonymous_6)
FNDA:10,(anonymous_7)
FNDA:2,(anonymous_8)
FNDA:0,(anonymous_9)
FNDA:2,(anonymous_10)
FNDA:2,(anonymous_11)
FNDA:2,(anonymous_12)
DA:1,1
DA:2,1
DA:3,1
DA:4,1
DA:5,1
DA:6,1
DA:7,1
DA:9,1
DA:13,2
DA:16,2
DA:17,2
DA:21,1
DA:22,1
DA:23,1
DA:27,1
DA:28,1
DA:32,0
DA:33,0
DA:37,4
DA:38,4
DA:40,4
DA:44,0
DA:48,10
DA:52,2
DA:53,2
DA:55,2
DA:56,2
DA:57,2
DA:61,0
DA:62,0
DA:64,0
DA:65,0
DA:69,2
DA:70,2
DA:72,2
DA:73,2
DA:75,2
DA:79,2
DA:80,2
DA:81,2
DA:85,2
DA:86,2
DA:88,2
DA:90,2
DA:92,2
DA:94,2
DA:95,2
DA:96,2
DA:97,2
DA:98,2
DA:99,2
DA:101,2
DA:105,1
LF:53
LH:46
BRDA:38,0,0,0
BRDA:38,0,1,4
BRDA:53,1,0,0
BRDA:53,1,1,2
BRDA:62,2,0,0
BRDA:62,2,1,0
BRDA:70,3,0,0
BRDA:70,3,1,2
BRDA:73,4,0,0
BRDA:73,4,1,2
BRDA:88,5,0,0
BRDA:88,5,1,2
BRDA:92,6,0,0
BRDA:92,6,1,2
BRDA:97,7,0,2
BRDA:97,7,1,0
BRF:16
BRH:7
end_of_record
TN:
SF:/home/andrews/naivecoin/lib/operator/transactionBuilder.js
FN:8,(anonymous_0)
FN:18,(anonymous_1)
FN:23,(anonymous_2)
FN:29,(anonymous_3)
FN:34,(anonymous_4)
FN:39,(anonymous_5)
FN:44,(anonymous_6)
FN:48,(anonymous_7)
FN:60,(anonymous_8)
FNF:9
FNH:8
FNDA:2,(anonymous_0)
FNDA:2,(anonymous_1)
FNDA:2,(anonymous_2)
FNDA:2,(anonymous_3)
FNDA:2,(anonymous_4)
FNDA:2,(anonymous_5)
FNDA:0,(anonymous_6)
FNDA:2,(anonymous_7)
FNDA:4,(anonymous_8)
DA:1,1
DA:2,1
DA:3,1
DA:4,1
DA:5,1
DA:9,2
DA:10,2
DA:11,2
DA:12,2
DA:13,2
DA:14,2
DA:15,2
DA:19,2
DA:20,2
DA:24,2
DA:25,2
DA:26,2
DA:30,2
DA:31,2
DA:35,2
DA:36,2
DA:40,2
DA:41,2
DA:45,0
DA:50,2
DA:51,2
DA:52,2
DA:55,2
DA:56,2
DA:59,2
DA:60,2
DA:61,4
DA:66,4
DA:67,4
DA:70,2
DA:73,2
DA:79,2
DA:80,2
DA:88,2
DA:100,1
LF:40
LH:39
BRDA:50,0,0,0
BRDA:50,0,1,2
BRDA:51,1,0,0
BRDA:51,1,1,2
BRDA:52,2,0,0
BRDA:52,2,1,2
BRDA:79,3,0,2
BRDA:79,3,1,0
BRF:8
BRH:4
end_of_record
TN:
SF:/home/andrews/naivecoin/lib/operator/wallet.js
FN:6,(anonymous_0)
FN:13,(anonymous_1)
FN:33,(anonymous_2)
FN:38,(anonymous_3)
FN:42,(anonymous_4)
FN:46,(anonymous_5)
FN:50,(anonymous_6)
FN:54,(anonymous_7)
FN:61,(anonymous_8)
FN:68,(anonymous_9)
FN:70,(anonymous_10)
FNF:11
FNH:6
FNDA:1,(anonymous_0)
FNDA:2,(anonymous_1)
FNDA:1,(anonymous_2)
FNDA:0,(anonymous_3)
FNDA:2,(anonymous_4)
FNDA:2,(anonymous_5)
FNDA:0,(anonymous_6)
FNDA:1,(anonymous_7)
FNDA:0,(anonymous_8)
FNDA:0,(anonymous_9)
FNDA:0,(anonymous_10)
DA:1,1
DA:2,1
DA:3,1
DA:7,1
DA:8,1
DA:9,1
DA:10,1
DA:15,2
DA:16,1
DA:19,2
DA:22,2
DA:23,2
DA:24,2
DA:29,2
DA:30,2
DA:34,1
DA:35,1
DA:39,0
DA:43,2
DA:47,2
DA:51,0
DA:55,1
DA:56,1
DA:57,1
DA:58,1
DA:62,0
DA:63,0
DA:64,0
DA:65,0
DA:69,0
DA:70,0
DA:71,0
DA:75,1
LF:33
LH:24
BRDA:15,0,0,1
BRDA:15,0,1,1
BRDA:22,1,0,1
BRDA:22,1,1,1
BRF:4
BRH:4
end_of_record
TN:
SF:/home/andrews/naivecoin/lib/operator/wallets.js
FN:5,(anonymous_0)
FN:7,(anonymous_1)
FNF:2
FNH:0
FNDA:0,(anonymous_0)
FNDA:0,(anonymous_1)
DA:1,1
DA:2,1
DA:6,0
DA:7,0
DA:8,0
DA:12,1
LF:6
LH:3
BRF:0
BRH:0
end_of_record
TN:
SF:/home/andrews/naivecoin/lib/util/argumentError.js
FNF:0
FNH:0
DA:1,1
DA:5,1
LF:2
LH:2
BRF:0
BRH:0
end_of_record
TN:
SF:/home/andrews/naivecoin/lib/util/consoleWrapper.js
FN:3,(anonymous_0)
FN:6,(anonymous_1)
FN:24,(anonymous_2)
FN:26,(anonymous_3)
FNF:4
FNH:4
FNDA:3,(anonymous_0)
FNDA:113,(anonymous_1)
FNDA:30,(anonymous_2)
FNDA:113,(anonymous_3)
DA:1,3
DA:3,3
DA:4,3
DA:6,3
DA:7,113
DA:8,113
DA:11,3
DA:24,3
DA:25,30
DA:26,30
DA:27,113
LF:11
LH:11
BRDA:3,0,0,0
BRDA:7,1,0,109
BRDA:7,1,1,4
BRDA:8,2,0,26
BRDA:8,2,1,87
BRDA:8,3,0,113
BRDA:8,3,1,113
BRF:7
BRH:6
end_of_record
TN:
SF:/home/andrews/naivecoin/lib/util/cryptoEdDSAUtil.js
FN:8,(anonymous_0)
FN:14,(anonymous_1)
FN:21,(anonymous_2)
FN:27,(anonymous_3)
FN:34,(anonymous_4)
FNF:5
FNH:5
FNDA:2,(anonymous_0)
FNDA:6,(anonymous_1)
FNDA:4,(anonymous_2)
FNDA:14,(anonymous_3)
FNDA:4,(anonymous_4)
DA:1,3
DA:2,3
DA:3,3
DA:4,3
DA:5,3
DA:9,2
DA:10,2
DA:11,2
DA:16,6
DA:17,6
DA:18,6
DA:22,4
DA:23,4
DA:24,4
DA:28,14
DA:29,14
DA:30,14
DA:31,14
DA:35,4
DA:39,3
LF:20
LH:20
BRF:0
BRH:0
end_of_record
TN:
SF:/home/andrews/naivecoin/lib/util/cryptoUtil.js
FN:4,(anonymous_0)
FN:10,(anonymous_1)
FNF:2
FNH:2
FNDA:116,(anonymous_0)
FNDA:6,(anonymous_1)
DA:1,3
DA:5,116
DA:6,116
DA:7,116
DA:11,6
DA:15,3
LF:6
LH:6
BRDA:5,0,0,18
BRDA:5,0,1,98
BRDA:10,1,0,1
BRF:3
BRH:3
end_of_record
TN:
SF:/home/andrews/naivecoin/lib/util/db.js
FN:5,(anonymous_0)
FN:10,(anonymous_1)
FN:19,(anonymous_2)
FNF:3
FNH:3
FNDA:6,(anonymous_0)
FNDA:6,(anonymous_1)
FNDA:18,(anonymous_2)
DA:1,1
DA:2,1
DA:6,6
DA:7,6
DA:11,6
DA:13,0
DA:14,0
DA:16,0
DA:20,18
DA:21,18
DA:25,1
LF:11
LH:8
BRDA:11,0,0,6
BRDA:11,0,1,0
BRDA:14,1,0,0
BRDA:14,1,1,0
BRDA:16,2,0,0
BRDA:16,2,1,0
BRF:6
BRH:1
end_of_record
TN:
SF:/home/andrews/naivecoin/lib/util/extendedError.js
FN:4,(anonymous_0)
FN:10,(anonymous_1)
FNF:2
FNH:1
FNDA:2,(anonymous_0)
FNDA:0,(anonymous_1)
DA:1,3
DA:5,2
DA:6,2
DA:7,2
DA:11,0
DA:12,0
DA:16,3
LF:7
LH:5
BRDA:6,0,0,0
BRDA:6,0,1,2
BRDA:7,1,0,0
BRDA:7,1,1,2
BRF:4
BRH:2
end_of_record
